<?xml version="1.0" encoding="UTF-8"?>
<testng-results ignored="0" total="21" passed="16" failed="1" skipped="4">
  <reporter-output>
  </reporter-output>
  <suite started-at="2021-05-24T09:37:35Z" name="Surefire suite" finished-at="2021-05-24T09:42:17Z" duration-ms="281161">
    <groups>
    </groups>
    <test started-at="2021-05-24T09:37:35Z" name="Surefire test" finished-at="2021-05-24T09:42:17Z" duration-ms="281161">
      <class name="com.tripadvisor.tests.CruisesTest">
        <test-method is-config="true" signature="setUp()[pri:0, instance:com.tripadvisor.tests.CruisesTest@7966baa7]" started-at="2021-05-24T09:37:36Z" name="setUp" finished-at="2021-05-24T09:38:25Z" duration-ms="48997" status="PASS">
          <reporter-output>
          </reporter-output>
        </test-method> <!-- setUp -->
        <test-method signature="verifyCruisesPageTitleTest()[pri:0, instance:com.tripadvisor.tests.CruisesTest@7966baa7]" started-at="2021-05-24T09:38:25Z" name="verifyCruisesPageTitleTest" finished-at="2021-05-24T09:39:35Z" duration-ms="70085" status="FAIL">
          <exception class="java.lang.AssertionError">
            <message>
              <![CDATA[expected [Cruises - Cheap Cruise Holidays: 2020 Destinations & Ports - Tripadvisor] but found [Cruises - Cheap Cruise Holidays: 2021 Destinations & Ports - Tripadvisor]]]>
            </message>
            <full-stacktrace>
              <![CDATA[java.lang.AssertionError: expected [Cruises - Cheap Cruise Holidays: 2020 Destinations & Ports - Tripadvisor] but found [Cruises - Cheap Cruise Holidays: 2021 Destinations & Ports - Tripadvisor]
at org.testng.Assert.fail(Assert.java:96)
at org.testng.Assert.failNotEquals(Assert.java:776)
at org.testng.Assert.assertEqualsImpl(Assert.java:137)
at org.testng.Assert.assertEquals(Assert.java:118)
at org.testng.Assert.assertEquals(Assert.java:453)
at org.testng.Assert.assertEquals(Assert.java:463)
at com.tripadvisor.tests.CruisesTest.verifyCruisesPageTitleTest(CruisesTest.java:51)
at java.base/jdk.internal.reflect.NativeMethodAccessorImpl.invoke0(Native Method)
at java.base/jdk.internal.reflect.NativeMethodAccessorImpl.invoke(NativeMethodAccessorImpl.java:64)
at java.base/jdk.internal.reflect.DelegatingMethodAccessorImpl.invoke(DelegatingMethodAccessorImpl.java:43)
at java.base/java.lang.reflect.Method.invoke(Method.java:564)
at org.testng.internal.MethodInvocationHelper.invokeMethod(MethodInvocationHelper.java:124)
at org.testng.internal.Invoker.invokeMethod(Invoker.java:583)
at org.testng.internal.Invoker.invokeTestMethod(Invoker.java:719)
at org.testng.internal.Invoker.invokeTestMethods(Invoker.java:989)
at org.testng.internal.TestMethodWorker.invokeTestMethods(TestMethodWorker.java:125)
at org.testng.internal.TestMethodWorker.run(TestMethodWorker.java:109)
at org.testng.TestRunner.privateRun(TestRunner.java:648)
at org.testng.TestRunner.run(TestRunner.java:505)
at org.testng.SuiteRunner.runTest(SuiteRunner.java:455)
at org.testng.SuiteRunner.runSequentially(SuiteRunner.java:450)
at org.testng.SuiteRunner.privateRun(SuiteRunner.java:415)
at org.testng.SuiteRunner.run(SuiteRunner.java:364)
at org.testng.SuiteRunnerWorker.runSuite(SuiteRunnerWorker.java:52)
at org.testng.SuiteRunnerWorker.run(SuiteRunnerWorker.java:84)
at org.testng.TestNG.runSuitesSequentially(TestNG.java:1208)
at org.testng.TestNG.runSuitesLocally(TestNG.java:1137)
at org.testng.TestNG.runSuites(TestNG.java:1049)
at org.testng.TestNG.run(TestNG.java:1017)
at org.apache.maven.surefire.testng.TestNGExecutor.run(TestNGExecutor.java:135)
at org.apache.maven.surefire.testng.TestNGDirectoryTestSuite.executeMulti(TestNGDirectoryTestSuite.java:193)
at org.apache.maven.surefire.testng.TestNGDirectoryTestSuite.execute(TestNGDirectoryTestSuite.java:94)
at org.apache.maven.surefire.testng.TestNGProvider.invoke(TestNGProvider.java:146)
at org.apache.maven.surefire.booter.ForkedBooter.invokeProviderInSameClassLoader(ForkedBooter.java:384)
at org.apache.maven.surefire.booter.ForkedBooter.runSuitesInProcess(ForkedBooter.java:345)
at org.apache.maven.surefire.booter.ForkedBooter.execute(ForkedBooter.java:126)
at org.apache.maven.surefire.booter.ForkedBooter.main(ForkedBooter.java:418)
]]>
            </full-stacktrace>
          </exception> <!-- java.lang.AssertionError -->
          <reporter-output>
          </reporter-output>
        </test-method> <!-- verifyCruisesPageTitleTest -->
        <test-method signature="verifySearchNotActivatedTest()[pri:0, instance:com.tripadvisor.tests.CruisesTest@7966baa7]" started-at="2021-05-24T09:39:36Z" name="verifySearchNotActivatedTest" finished-at="2021-05-24T09:39:36Z" depends-on-methods="com.tripadvisor.tests.CruisesTest.verifyCruisesPageTitleTest" duration-ms="0" status="SKIP">
          <exception class="java.lang.Throwable">
            <message>
              <![CDATA[Method CruisesTest.verifySearchNotActivatedTest()[pri:0, instance:com.tripadvisor.tests.CruisesTest@7966baa7] depends on not successfully finished methods]]>
            </message>
            <full-stacktrace>
              <![CDATA[java.lang.Throwable: Method CruisesTest.verifySearchNotActivatedTest()[pri:0, instance:com.tripadvisor.tests.CruisesTest@7966baa7] depends on not successfully finished methods
at org.testng.internal.Invoker.invokeTestMethods(Invoker.java:888)
at org.testng.internal.TestMethodWorker.invokeTestMethods(TestMethodWorker.java:125)
at org.testng.internal.TestMethodWorker.run(TestMethodWorker.java:109)
at org.testng.TestRunner.privateRun(TestRunner.java:648)
at org.testng.TestRunner.run(TestRunner.java:505)
at org.testng.SuiteRunner.runTest(SuiteRunner.java:455)
at org.testng.SuiteRunner.runSequentially(SuiteRunner.java:450)
at org.testng.SuiteRunner.privateRun(SuiteRunner.java:415)
at org.testng.SuiteRunner.run(SuiteRunner.java:364)
at org.testng.SuiteRunnerWorker.runSuite(SuiteRunnerWorker.java:52)
at org.testng.SuiteRunnerWorker.run(SuiteRunnerWorker.java:84)
at org.testng.TestNG.runSuitesSequentially(TestNG.java:1208)
at org.testng.TestNG.runSuitesLocally(TestNG.java:1137)
at org.testng.TestNG.runSuites(TestNG.java:1049)
at org.testng.TestNG.run(TestNG.java:1017)
at org.apache.maven.surefire.testng.TestNGExecutor.run(TestNGExecutor.java:135)
at org.apache.maven.surefire.testng.TestNGDirectoryTestSuite.executeMulti(TestNGDirectoryTestSuite.java:193)
at org.apache.maven.surefire.testng.TestNGDirectoryTestSuite.execute(TestNGDirectoryTestSuite.java:94)
at org.apache.maven.surefire.testng.TestNGProvider.invoke(TestNGProvider.java:146)
at org.apache.maven.surefire.booter.ForkedBooter.invokeProviderInSameClassLoader(ForkedBooter.java:384)
at org.apache.maven.surefire.booter.ForkedBooter.runSuitesInProcess(ForkedBooter.java:345)
at org.apache.maven.surefire.booter.ForkedBooter.execute(ForkedBooter.java:126)
at org.apache.maven.surefire.booter.ForkedBooter.main(ForkedBooter.java:418)
]]>
            </full-stacktrace>
          </exception> <!-- java.lang.Throwable -->
          <reporter-output>
          </reporter-output>
        </test-method> <!-- verifySearchNotActivatedTest -->
        <test-method signature="verifyShipDropDownNotActivatedTest()[pri:0, instance:com.tripadvisor.tests.CruisesTest@7966baa7]" started-at="2021-05-24T09:39:36Z" name="verifyShipDropDownNotActivatedTest" finished-at="2021-05-24T09:39:36Z" depends-on-methods="com.tripadvisor.tests.CruisesTest.verifySearchNotActivatedTest" duration-ms="0" status="SKIP">
          <exception class="java.lang.Throwable">
            <message>
              <![CDATA[Method CruisesTest.verifyShipDropDownNotActivatedTest()[pri:0, instance:com.tripadvisor.tests.CruisesTest@7966baa7] depends on not successfully finished methods]]>
            </message>
            <full-stacktrace>
              <![CDATA[java.lang.Throwable: Method CruisesTest.verifyShipDropDownNotActivatedTest()[pri:0, instance:com.tripadvisor.tests.CruisesTest@7966baa7] depends on not successfully finished methods
at org.testng.internal.Invoker.invokeTestMethods(Invoker.java:888)
at org.testng.internal.TestMethodWorker.invokeTestMethods(TestMethodWorker.java:125)
at org.testng.internal.TestMethodWorker.run(TestMethodWorker.java:109)
at org.testng.TestRunner.privateRun(TestRunner.java:648)
at org.testng.TestRunner.run(TestRunner.java:505)
at org.testng.SuiteRunner.runTest(SuiteRunner.java:455)
at org.testng.SuiteRunner.runSequentially(SuiteRunner.java:450)
at org.testng.SuiteRunner.privateRun(SuiteRunner.java:415)
at org.testng.SuiteRunner.run(SuiteRunner.java:364)
at org.testng.SuiteRunnerWorker.runSuite(SuiteRunnerWorker.java:52)
at org.testng.SuiteRunnerWorker.run(SuiteRunnerWorker.java:84)
at org.testng.TestNG.runSuitesSequentially(TestNG.java:1208)
at org.testng.TestNG.runSuitesLocally(TestNG.java:1137)
at org.testng.TestNG.runSuites(TestNG.java:1049)
at org.testng.TestNG.run(TestNG.java:1017)
at org.apache.maven.surefire.testng.TestNGExecutor.run(TestNGExecutor.java:135)
at org.apache.maven.surefire.testng.TestNGDirectoryTestSuite.executeMulti(TestNGDirectoryTestSuite.java:193)
at org.apache.maven.surefire.testng.TestNGDirectoryTestSuite.execute(TestNGDirectoryTestSuite.java:94)
at org.apache.maven.surefire.testng.TestNGProvider.invoke(TestNGProvider.java:146)
at org.apache.maven.surefire.booter.ForkedBooter.invokeProviderInSameClassLoader(ForkedBooter.java:384)
at org.apache.maven.surefire.booter.ForkedBooter.runSuitesInProcess(ForkedBooter.java:345)
at org.apache.maven.surefire.booter.ForkedBooter.execute(ForkedBooter.java:126)
at org.apache.maven.surefire.booter.ForkedBooter.main(ForkedBooter.java:418)
]]>
            </full-stacktrace>
          </exception> <!-- java.lang.Throwable -->
          <reporter-output>
          </reporter-output>
        </test-method> <!-- verifyShipDropDownNotActivatedTest -->
        <test-method signature="verifyCruiseIsSelectedTest(java.lang.String, java.lang.String)[pri:0, instance:com.tripadvisor.tests.CruisesTest@7966baa7]" started-at="2021-05-24T09:39:36Z" name="verifyCruiseIsSelectedTest" data-provider="cruiseData" finished-at="2021-05-24T09:39:36Z" depends-on-methods="com.tripadvisor.tests.CruisesTest.verifyShipDropDownNotActivatedTest" duration-ms="0" status="SKIP">
          <exception class="java.lang.Throwable">
            <message>
              <![CDATA[Method CruisesTest.verifyCruiseIsSelectedTest(java.lang.String, java.lang.String)[pri:0, instance:com.tripadvisor.tests.CruisesTest@7966baa7] depends on not successfully finished methods]]>
            </message>
            <full-stacktrace>
              <![CDATA[java.lang.Throwable: Method CruisesTest.verifyCruiseIsSelectedTest(java.lang.String, java.lang.String)[pri:0, instance:com.tripadvisor.tests.CruisesTest@7966baa7] depends on not successfully finished methods
at org.testng.internal.Invoker.invokeTestMethods(Invoker.java:888)
at org.testng.internal.TestMethodWorker.invokeTestMethods(TestMethodWorker.java:125)
at org.testng.internal.TestMethodWorker.run(TestMethodWorker.java:109)
at org.testng.TestRunner.privateRun(TestRunner.java:648)
at org.testng.TestRunner.run(TestRunner.java:505)
at org.testng.SuiteRunner.runTest(SuiteRunner.java:455)
at org.testng.SuiteRunner.runSequentially(SuiteRunner.java:450)
at org.testng.SuiteRunner.privateRun(SuiteRunner.java:415)
at org.testng.SuiteRunner.run(SuiteRunner.java:364)
at org.testng.SuiteRunnerWorker.runSuite(SuiteRunnerWorker.java:52)
at org.testng.SuiteRunnerWorker.run(SuiteRunnerWorker.java:84)
at org.testng.TestNG.runSuitesSequentially(TestNG.java:1208)
at org.testng.TestNG.runSuitesLocally(TestNG.java:1137)
at org.testng.TestNG.runSuites(TestNG.java:1049)
at org.testng.TestNG.run(TestNG.java:1017)
at org.apache.maven.surefire.testng.TestNGExecutor.run(TestNGExecutor.java:135)
at org.apache.maven.surefire.testng.TestNGDirectoryTestSuite.executeMulti(TestNGDirectoryTestSuite.java:193)
at org.apache.maven.surefire.testng.TestNGDirectoryTestSuite.execute(TestNGDirectoryTestSuite.java:94)
at org.apache.maven.surefire.testng.TestNGProvider.invoke(TestNGProvider.java:146)
at org.apache.maven.surefire.booter.ForkedBooter.invokeProviderInSameClassLoader(ForkedBooter.java:384)
at org.apache.maven.surefire.booter.ForkedBooter.runSuitesInProcess(ForkedBooter.java:345)
at org.apache.maven.surefire.booter.ForkedBooter.execute(ForkedBooter.java:126)
at org.apache.maven.surefire.booter.ForkedBooter.main(ForkedBooter.java:418)
]]>
            </full-stacktrace>
          </exception> <!-- java.lang.Throwable -->
          <reporter-output>
          </reporter-output>
        </test-method> <!-- verifyCruiseIsSelectedTest -->
        <test-method signature="cruiseDetailsTest(java.lang.String, java.lang.String)[pri:0, instance:com.tripadvisor.tests.CruisesTest@7966baa7]" started-at="2021-05-24T09:39:36Z" name="cruiseDetailsTest" data-provider="cruiseData" finished-at="2021-05-24T09:39:36Z" depends-on-methods="com.tripadvisor.tests.CruisesTest.verifyCruiseIsSelectedTest" duration-ms="0" status="SKIP">
          <exception class="java.lang.Throwable">
            <message>
              <![CDATA[Method CruisesTest.cruiseDetailsTest(java.lang.String, java.lang.String)[pri:0, instance:com.tripadvisor.tests.CruisesTest@7966baa7] depends on not successfully finished methods]]>
            </message>
            <full-stacktrace>
              <![CDATA[java.lang.Throwable: Method CruisesTest.cruiseDetailsTest(java.lang.String, java.lang.String)[pri:0, instance:com.tripadvisor.tests.CruisesTest@7966baa7] depends on not successfully finished methods
at org.testng.internal.Invoker.invokeTestMethods(Invoker.java:888)
at org.testng.internal.TestMethodWorker.invokeTestMethods(TestMethodWorker.java:125)
at org.testng.internal.TestMethodWorker.run(TestMethodWorker.java:109)
at org.testng.TestRunner.privateRun(TestRunner.java:648)
at org.testng.TestRunner.run(TestRunner.java:505)
at org.testng.SuiteRunner.runTest(SuiteRunner.java:455)
at org.testng.SuiteRunner.runSequentially(SuiteRunner.java:450)
at org.testng.SuiteRunner.privateRun(SuiteRunner.java:415)
at org.testng.SuiteRunner.run(SuiteRunner.java:364)
at org.testng.SuiteRunnerWorker.runSuite(SuiteRunnerWorker.java:52)
at org.testng.SuiteRunnerWorker.run(SuiteRunnerWorker.java:84)
at org.testng.TestNG.runSuitesSequentially(TestNG.java:1208)
at org.testng.TestNG.runSuitesLocally(TestNG.java:1137)
at org.testng.TestNG.runSuites(TestNG.java:1049)
at org.testng.TestNG.run(TestNG.java:1017)
at org.apache.maven.surefire.testng.TestNGExecutor.run(TestNGExecutor.java:135)
at org.apache.maven.surefire.testng.TestNGDirectoryTestSuite.executeMulti(TestNGDirectoryTestSuite.java:193)
at org.apache.maven.surefire.testng.TestNGDirectoryTestSuite.execute(TestNGDirectoryTestSuite.java:94)
at org.apache.maven.surefire.testng.TestNGProvider.invoke(TestNGProvider.java:146)
at org.apache.maven.surefire.booter.ForkedBooter.invokeProviderInSameClassLoader(ForkedBooter.java:384)
at org.apache.maven.surefire.booter.ForkedBooter.runSuitesInProcess(ForkedBooter.java:345)
at org.apache.maven.surefire.booter.ForkedBooter.execute(ForkedBooter.java:126)
at org.apache.maven.surefire.booter.ForkedBooter.main(ForkedBooter.java:418)
]]>
            </full-stacktrace>
          </exception> <!-- java.lang.Throwable -->
          <reporter-output>
          </reporter-output>
        </test-method> <!-- cruiseDetailsTest -->
        <test-method is-config="true" signature="afterTest()[pri:0, instance:com.tripadvisor.tests.CruisesTest@7966baa7]" started-at="2021-05-24T09:39:36Z" name="afterTest" finished-at="2021-05-24T09:39:37Z" duration-ms="1138" status="PASS">
          <reporter-output>
          </reporter-output>
        </test-method> <!-- afterTest -->
      </class> <!-- com.tripadvisor.tests.CruisesTest -->
      <class name="com.tripadvisor.tests.HolidayHomesTest">
        <test-method is-config="true" signature="setUp()[pri:0, instance:com.tripadvisor.tests.HolidayHomesTest@60975100]" started-at="2021-05-24T09:39:37Z" name="setUp" finished-at="2021-05-24T09:40:05Z" duration-ms="28458" status="PASS">
          <reporter-output>
          </reporter-output>
        </test-method> <!-- setUp -->
        <test-method signature="invalidLocationTest()[pri:0, instance:com.tripadvisor.tests.HolidayHomesTest@60975100]" started-at="2021-05-24T09:40:05Z" name="invalidLocationTest" finished-at="2021-05-24T09:40:23Z" duration-ms="17911" status="PASS">
          <reporter-output>
          </reporter-output>
        </test-method> <!-- invalidLocationTest -->
        <test-method signature="verifySearchLocationTitleTest(java.lang.String, java.lang.String, java.lang.String)[pri:0, instance:com.tripadvisor.tests.HolidayHomesTest@60975100]" started-at="2021-05-24T09:40:25Z" name="verifySearchLocationTitleTest" data-provider="holidayHomesData" finished-at="2021-05-24T09:40:36Z" depends-on-methods="com.tripadvisor.tests.HolidayHomesTest.invalidLocationTest" duration-ms="11437" status="PASS">
          <params>
            <param index="0">
              <value>
                <![CDATA[Nairobi]]>
              </value>
            </param>
            <param index="1">
              <value>
                <![CDATA[4]]>
              </value>
            </param>
            <param index="2">
              <value>
                <![CDATA[Traveller Rating]]>
              </value>
            </param>
          </params>
          <reporter-output>
          </reporter-output>
        </test-method> <!-- verifySearchLocationTitleTest -->
        <test-method signature="holidayHomesTest(java.lang.String, java.lang.String, java.lang.String)[pri:0, instance:com.tripadvisor.tests.HolidayHomesTest@60975100]" started-at="2021-05-24T09:40:36Z" name="holidayHomesTest" data-provider="holidayHomesData" finished-at="2021-05-24T09:41:36Z" depends-on-methods="com.tripadvisor.tests.HolidayHomesTest.verifySearchLocationTitleTest" duration-ms="60038" status="PASS">
          <params>
            <param index="0">
              <value>
                <![CDATA[Nairobi]]>
              </value>
            </param>
            <param index="1">
              <value>
                <![CDATA[4]]>
              </value>
            </param>
            <param index="2">
              <value>
                <![CDATA[Traveller Rating]]>
              </value>
            </param>
          </params>
          <reporter-output>
          </reporter-output>
        </test-method> <!-- holidayHomesTest -->
        <test-method signature="verifyBookNowTest()[pri:0, instance:com.tripadvisor.tests.HolidayHomesTest@60975100]" started-at="2021-05-24T09:41:37Z" name="verifyBookNowTest" finished-at="2021-05-24T09:41:58Z" depends-on-methods="com.tripadvisor.tests.HolidayHomesTest.holidayHomesTest" duration-ms="20768" status="PASS">
          <reporter-output>
          </reporter-output>
        </test-method> <!-- verifyBookNowTest -->
        <test-method signature="verifyHotelCheckInTest()[pri:0, instance:com.tripadvisor.tests.HolidayHomesTest@60975100]" started-at="2021-05-24T09:41:58Z" name="verifyHotelCheckInTest" finished-at="2021-05-24T09:41:58Z" depends-on-methods="com.tripadvisor.tests.HolidayHomesTest.verifyBookNowTest" duration-ms="58" status="PASS">
          <reporter-output>
          </reporter-output>
        </test-method> <!-- verifyHotelCheckInTest -->
        <test-method signature="verifyHotelCheckOutTest()[pri:0, instance:com.tripadvisor.tests.HolidayHomesTest@60975100]" started-at="2021-05-24T09:41:58Z" name="verifyHotelCheckOutTest" finished-at="2021-05-24T09:41:58Z" depends-on-methods="com.tripadvisor.tests.HolidayHomesTest.verifyHotelCheckInTest" duration-ms="65" status="PASS">
          <reporter-output>
          </reporter-output>
        </test-method> <!-- verifyHotelCheckOutTest -->
        <test-method signature="verifyHotelGuestsTest(java.lang.String, java.lang.String, java.lang.String)[pri:0, instance:com.tripadvisor.tests.HolidayHomesTest@60975100]" started-at="2021-05-24T09:41:59Z" name="verifyHotelGuestsTest" data-provider="holidayHomesData" finished-at="2021-05-24T09:41:59Z" depends-on-methods="com.tripadvisor.tests.HolidayHomesTest.verifyHotelCheckOutTest" duration-ms="67" status="PASS">
          <params>
            <param index="0">
              <value>
                <![CDATA[Nairobi]]>
              </value>
            </param>
            <param index="1">
              <value>
                <![CDATA[4]]>
              </value>
            </param>
            <param index="2">
              <value>
                <![CDATA[Traveller Rating]]>
              </value>
            </param>
          </params>
          <reporter-output>
          </reporter-output>
        </test-method> <!-- verifyHotelGuestsTest -->
        <test-method signature="verifyHotelElevatorTest()[pri:0, instance:com.tripadvisor.tests.HolidayHomesTest@60975100]" started-at="2021-05-24T09:41:59Z" name="verifyHotelElevatorTest" finished-at="2021-05-24T09:42:00Z" depends-on-methods="com.tripadvisor.tests.HolidayHomesTest.verifyHotelGuestsTest" duration-ms="1296" status="PASS">
          <reporter-output>
          </reporter-output>
        </test-method> <!-- verifyHotelElevatorTest -->
        <test-method signature="clearAllFiltersTest()[pri:0, instance:com.tripadvisor.tests.HolidayHomesTest@60975100]" started-at="2021-05-24T09:42:01Z" name="clearAllFiltersTest" finished-at="2021-05-24T09:42:02Z" depends-on-methods="com.tripadvisor.tests.HolidayHomesTest.verifyHotelElevatorTest" duration-ms="1269" status="PASS">
          <reporter-output>
          </reporter-output>
        </test-method> <!-- clearAllFiltersTest -->
        <test-method signature="showPricesButtonTest()[pri:0, instance:com.tripadvisor.tests.HolidayHomesTest@60975100]" started-at="2021-05-24T09:42:03Z" name="showPricesButtonTest" finished-at="2021-05-24T09:42:04Z" depends-on-methods="com.tripadvisor.tests.HolidayHomesTest.clearAllFiltersTest" duration-ms="464" status="PASS">
          <reporter-output>
          </reporter-output>
        </test-method> <!-- showPricesButtonTest -->
        <test-method signature="bookNowButtonTest()[pri:0, instance:com.tripadvisor.tests.HolidayHomesTest@60975100]" started-at="2021-05-24T09:42:04Z" name="bookNowButtonTest" finished-at="2021-05-24T09:42:08Z" depends-on-methods="com.tripadvisor.tests.HolidayHomesTest.showPricesButtonTest" duration-ms="4142" status="PASS">
          <reporter-output>
          </reporter-output>
        </test-method> <!-- bookNowButtonTest -->
        <test-method signature="verifyCheckInSelectedTest()[pri:0, instance:com.tripadvisor.tests.HolidayHomesTest@60975100]" started-at="2021-05-24T09:42:09Z" name="verifyCheckInSelectedTest" finished-at="2021-05-24T09:42:09Z" depends-on-methods="com.tripadvisor.tests.HolidayHomesTest.bookNowButtonTest" duration-ms="79" status="PASS">
          <reporter-output>
          </reporter-output>
        </test-method> <!-- verifyCheckInSelectedTest -->
        <test-method signature="verifyCheckOutSelectedTest()[pri:0, instance:com.tripadvisor.tests.HolidayHomesTest@60975100]" started-at="2021-05-24T09:42:09Z" name="verifyCheckOutSelectedTest" finished-at="2021-05-24T09:42:09Z" depends-on-methods="com.tripadvisor.tests.HolidayHomesTest.verifyCheckInSelectedTest" duration-ms="71" status="PASS">
          <reporter-output>
          </reporter-output>
        </test-method> <!-- verifyCheckOutSelectedTest -->
        <test-method signature="verifyCheckInOutFilterTest()[pri:0, instance:com.tripadvisor.tests.HolidayHomesTest@60975100]" started-at="2021-05-24T09:42:09Z" name="verifyCheckInOutFilterTest" finished-at="2021-05-24T09:42:10Z" depends-on-methods="com.tripadvisor.tests.HolidayHomesTest.verifyCheckOutSelectedTest" duration-ms="218" status="PASS">
          <reporter-output>
          </reporter-output>
        </test-method> <!-- verifyCheckInOutFilterTest -->
        <test-method signature="verifyElevatorFilterAppliedTest()[pri:0, instance:com.tripadvisor.tests.HolidayHomesTest@60975100]" started-at="2021-05-24T09:42:10Z" name="verifyElevatorFilterAppliedTest" finished-at="2021-05-24T09:42:11Z" depends-on-methods="com.tripadvisor.tests.HolidayHomesTest.verifyCheckInOutFilterTest" duration-ms="1064" status="PASS">
          <reporter-output>
          </reporter-output>
        </test-method> <!-- verifyElevatorFilterAppliedTest -->
        <test-method signature="verifyPastDateNotSelectedTest()[pri:0, instance:com.tripadvisor.tests.HolidayHomesTest@60975100]" started-at="2021-05-24T09:42:11Z" name="verifyPastDateNotSelectedTest" finished-at="2021-05-24T09:42:15Z" depends-on-methods="com.tripadvisor.tests.HolidayHomesTest.verifyElevatorFilterAppliedTest" duration-ms="3925" status="PASS">
          <reporter-output>
          </reporter-output>
        </test-method> <!-- verifyPastDateNotSelectedTest -->
        <test-method is-config="true" signature="afterTest()[pri:0, instance:com.tripadvisor.tests.HolidayHomesTest@60975100]" started-at="2021-05-24T09:42:15Z" name="afterTest" finished-at="2021-05-24T09:42:17Z" duration-ms="1197" status="PASS">
          <reporter-output>
          </reporter-output>
        </test-method> <!-- afterTest -->
      </class> <!-- com.tripadvisor.tests.HolidayHomesTest -->
    </test> <!-- Surefire test -->
  </suite> <!-- Surefire suite -->
</testng-results>
