<html>
<head>
<title>TestNG:  Surefire test</title>
<link href="../testng.css" rel="stylesheet" type="text/css" />
<link href="../my-testng.css" rel="stylesheet" type="text/css" />

<style type="text/css">
.log { display: none;} 
.stack-trace { display: none;} 
</style>
<script type="text/javascript">
<!--
function flip(e) {
  current = e.style.display;
  if (current == 'block') {
    e.style.display = 'none';
    return 0;
  }
  else {
    e.style.display = 'block';
    return 1;
  }
}

function toggleBox(szDivId, elem, msg1, msg2)
{
  var res = -1;  if (document.getElementById) {
    res = flip(document.getElementById(szDivId));
  }
  else if (document.all) {
    // this is the way old msie versions work
    res = flip(document.all[szDivId]);
  }
  if(elem) {
    if(res == 0) elem.innerHTML = msg1; else elem.innerHTML = msg2;
  }

}

function toggleAllBoxes() {
  if (document.getElementsByTagName) {
    d = document.getElementsByTagName('div');
    for (i = 0; i < d.length; i++) {
      if (d[i].className == 'log') {
        flip(d[i]);
      }
    }
  }
}

// -->
</script>

</head>
<body>
<h2 align='center'>Surefire test</h2><table border='1' align="center">
<tr>
<td>Tests passed/Failed/Skipped:</td><td>16/1/4</td>
</tr><tr>
<td>Started on:</td><td>Mon May 24 15:07:35 IST 2021</td>
</tr>
<tr><td>Total time:</td><td>281 seconds (281161 ms)</td>
</tr><tr>
<td>Included groups:</td><td></td>
</tr><tr>
<td>Excluded groups:</td><td></td>
</tr>
</table><p/>
<small><i>(Hover the method name to see the test class name)</i></small><p/>
<table width='100%' border='1' class='invocation-failed'>
<tr><td colspan='4' align='center'><b>FAILED TESTS</b></td></tr>
<tr><td><b>Test method</b></td>
<td width="30%"><b>Exception</b></td>
<td width="10%"><b>Time (seconds)</b></td>
<td><b>Instance</b></td>
</tr>
<tr>
<td title='com.tripadvisor.tests.CruisesTest.verifyCruisesPageTitleTest()'><b>verifyCruisesPageTitleTest</b><br>Test class: com.tripadvisor.tests.CruisesTest</td>
<td><div><pre>java.lang.AssertionError: expected [Cruises - Cheap Cruise Holidays: 2020 Destinations &amp; Ports - Tripadvisor] but found [Cruises - Cheap Cruise Holidays: 2021 Destinations &amp; Ports - Tripadvisor]
	at com.tripadvisor.tests.CruisesTest.verifyCruisesPageTitleTest(CruisesTest.java:51)
... Removed 36 stack frames</pre></div><a href='#' onClick='toggleBox("stack-trace1436944861", this, "Click to show all stack frames", "Click to hide stack frames")'>Click to show all stack frames</a>
<div class='stack-trace' id='stack-trace1436944861'><pre>java.lang.AssertionError: expected [Cruises - Cheap Cruise Holidays: 2020 Destinations &amp; Ports - Tripadvisor] but found [Cruises - Cheap Cruise Holidays: 2021 Destinations &amp; Ports - Tripadvisor]
	at org.testng.Assert.fail(Assert.java:96)
	at org.testng.Assert.failNotEquals(Assert.java:776)
	at org.testng.Assert.assertEqualsImpl(Assert.java:137)
	at org.testng.Assert.assertEquals(Assert.java:118)
	at org.testng.Assert.assertEquals(Assert.java:453)
	at org.testng.Assert.assertEquals(Assert.java:463)
	at com.tripadvisor.tests.CruisesTest.verifyCruisesPageTitleTest(CruisesTest.java:51)
	at java.base/jdk.internal.reflect.NativeMethodAccessorImpl.invoke0(Native Method)
	at java.base/jdk.internal.reflect.NativeMethodAccessorImpl.invoke(NativeMethodAccessorImpl.java:64)
	at java.base/jdk.internal.reflect.DelegatingMethodAccessorImpl.invoke(DelegatingMethodAccessorImpl.java:43)
	at java.base/java.lang.reflect.Method.invoke(Method.java:564)
	at org.testng.internal.MethodInvocationHelper.invokeMethod(MethodInvocationHelper.java:124)
	at org.testng.internal.Invoker.invokeMethod(Invoker.java:583)
	at org.testng.internal.Invoker.invokeTestMethod(Invoker.java:719)
	at org.testng.internal.Invoker.invokeTestMethods(Invoker.java:989)
	at org.testng.internal.TestMethodWorker.invokeTestMethods(TestMethodWorker.java:125)
	at org.testng.internal.TestMethodWorker.run(TestMethodWorker.java:109)
	at org.testng.TestRunner.privateRun(TestRunner.java:648)
	at org.testng.TestRunner.run(TestRunner.java:505)
	at org.testng.SuiteRunner.runTest(SuiteRunner.java:455)
	at org.testng.SuiteRunner.runSequentially(SuiteRunner.java:450)
	at org.testng.SuiteRunner.privateRun(SuiteRunner.java:415)
	at org.testng.SuiteRunner.run(SuiteRunner.java:364)
	at org.testng.SuiteRunnerWorker.runSuite(SuiteRunnerWorker.java:52)
	at org.testng.SuiteRunnerWorker.run(SuiteRunnerWorker.java:84)
	at org.testng.TestNG.runSuitesSequentially(TestNG.java:1208)
	at org.testng.TestNG.runSuitesLocally(TestNG.java:1137)
	at org.testng.TestNG.runSuites(TestNG.java:1049)
	at org.testng.TestNG.run(TestNG.java:1017)
	at org.apache.maven.surefire.testng.TestNGExecutor.run(TestNGExecutor.java:135)
	at org.apache.maven.surefire.testng.TestNGDirectoryTestSuite.executeMulti(TestNGDirectoryTestSuite.java:193)
	at org.apache.maven.surefire.testng.TestNGDirectoryTestSuite.execute(TestNGDirectoryTestSuite.java:94)
	at org.apache.maven.surefire.testng.TestNGProvider.invoke(TestNGProvider.java:146)
	at org.apache.maven.surefire.booter.ForkedBooter.invokeProviderInSameClassLoader(ForkedBooter.java:384)
	at org.apache.maven.surefire.booter.ForkedBooter.runSuitesInProcess(ForkedBooter.java:345)
	at org.apache.maven.surefire.booter.ForkedBooter.execute(ForkedBooter.java:126)
	at org.apache.maven.surefire.booter.ForkedBooter.main(ForkedBooter.java:418)
</pre></div></td>
<td>70</td>
<td>com.tripadvisor.tests.CruisesTest@7966baa7</td></tr>
</table><p>
<table width='100%' border='1' class='invocation-passed'>
<tr><td colspan='4' align='center'><b>PASSED TESTS</b></td></tr>
<tr><td><b>Test method</b></td>
<td width="30%"><b>Exception</b></td>
<td width="10%"><b>Time (seconds)</b></td>
<td><b>Instance</b></td>
</tr>
<tr>
<td title='com.tripadvisor.tests.HolidayHomesTest.bookNowButtonTest()'><b>bookNowButtonTest</b><br>Test class: com.tripadvisor.tests.HolidayHomesTest</td>
<td></td>
<td>4</td>
<td>com.tripadvisor.tests.HolidayHomesTest@60975100</td></tr>
<tr>
<td title='com.tripadvisor.tests.HolidayHomesTest.clearAllFiltersTest()'><b>clearAllFiltersTest</b><br>Test class: com.tripadvisor.tests.HolidayHomesTest</td>
<td></td>
<td>1</td>
<td>com.tripadvisor.tests.HolidayHomesTest@60975100</td></tr>
<tr>
<td title='com.tripadvisor.tests.HolidayHomesTest.holidayHomesTest()'><b>holidayHomesTest</b><br>Test class: com.tripadvisor.tests.HolidayHomesTest<br>Parameters: Nairobi, 4, Traveller Rating</td>
<td></td>
<td>60</td>
<td>com.tripadvisor.tests.HolidayHomesTest@60975100</td></tr>
<tr>
<td title='com.tripadvisor.tests.HolidayHomesTest.invalidLocationTest()'><b>invalidLocationTest</b><br>Test class: com.tripadvisor.tests.HolidayHomesTest</td>
<td></td>
<td>17</td>
<td>com.tripadvisor.tests.HolidayHomesTest@60975100</td></tr>
<tr>
<td title='com.tripadvisor.tests.HolidayHomesTest.showPricesButtonTest()'><b>showPricesButtonTest</b><br>Test class: com.tripadvisor.tests.HolidayHomesTest</td>
<td></td>
<td>0</td>
<td>com.tripadvisor.tests.HolidayHomesTest@60975100</td></tr>
<tr>
<td title='com.tripadvisor.tests.HolidayHomesTest.verifyBookNowTest()'><b>verifyBookNowTest</b><br>Test class: com.tripadvisor.tests.HolidayHomesTest</td>
<td></td>
<td>20</td>
<td>com.tripadvisor.tests.HolidayHomesTest@60975100</td></tr>
<tr>
<td title='com.tripadvisor.tests.HolidayHomesTest.verifyCheckInOutFilterTest()'><b>verifyCheckInOutFilterTest</b><br>Test class: com.tripadvisor.tests.HolidayHomesTest</td>
<td></td>
<td>0</td>
<td>com.tripadvisor.tests.HolidayHomesTest@60975100</td></tr>
<tr>
<td title='com.tripadvisor.tests.HolidayHomesTest.verifyCheckInSelectedTest()'><b>verifyCheckInSelectedTest</b><br>Test class: com.tripadvisor.tests.HolidayHomesTest</td>
<td></td>
<td>0</td>
<td>com.tripadvisor.tests.HolidayHomesTest@60975100</td></tr>
<tr>
<td title='com.tripadvisor.tests.HolidayHomesTest.verifyCheckOutSelectedTest()'><b>verifyCheckOutSelectedTest</b><br>Test class: com.tripadvisor.tests.HolidayHomesTest</td>
<td></td>
<td>0</td>
<td>com.tripadvisor.tests.HolidayHomesTest@60975100</td></tr>
<tr>
<td title='com.tripadvisor.tests.HolidayHomesTest.verifyElevatorFilterAppliedTest()'><b>verifyElevatorFilterAppliedTest</b><br>Test class: com.tripadvisor.tests.HolidayHomesTest</td>
<td></td>
<td>1</td>
<td>com.tripadvisor.tests.HolidayHomesTest@60975100</td></tr>
<tr>
<td title='com.tripadvisor.tests.HolidayHomesTest.verifyHotelCheckInTest()'><b>verifyHotelCheckInTest</b><br>Test class: com.tripadvisor.tests.HolidayHomesTest</td>
<td></td>
<td>0</td>
<td>com.tripadvisor.tests.HolidayHomesTest@60975100</td></tr>
<tr>
<td title='com.tripadvisor.tests.HolidayHomesTest.verifyHotelCheckOutTest()'><b>verifyHotelCheckOutTest</b><br>Test class: com.tripadvisor.tests.HolidayHomesTest</td>
<td></td>
<td>0</td>
<td>com.tripadvisor.tests.HolidayHomesTest@60975100</td></tr>
<tr>
<td title='com.tripadvisor.tests.HolidayHomesTest.verifyHotelElevatorTest()'><b>verifyHotelElevatorTest</b><br>Test class: com.tripadvisor.tests.HolidayHomesTest</td>
<td></td>
<td>1</td>
<td>com.tripadvisor.tests.HolidayHomesTest@60975100</td></tr>
<tr>
<td title='com.tripadvisor.tests.HolidayHomesTest.verifyHotelGuestsTest()'><b>verifyHotelGuestsTest</b><br>Test class: com.tripadvisor.tests.HolidayHomesTest<br>Parameters: Nairobi, 4, Traveller Rating</td>
<td></td>
<td>0</td>
<td>com.tripadvisor.tests.HolidayHomesTest@60975100</td></tr>
<tr>
<td title='com.tripadvisor.tests.HolidayHomesTest.verifyPastDateNotSelectedTest()'><b>verifyPastDateNotSelectedTest</b><br>Test class: com.tripadvisor.tests.HolidayHomesTest</td>
<td></td>
<td>3</td>
<td>com.tripadvisor.tests.HolidayHomesTest@60975100</td></tr>
<tr>
<td title='com.tripadvisor.tests.HolidayHomesTest.verifySearchLocationTitleTest()'><b>verifySearchLocationTitleTest</b><br>Test class: com.tripadvisor.tests.HolidayHomesTest<br>Parameters: Nairobi, 4, Traveller Rating</td>
<td></td>
<td>11</td>
<td>com.tripadvisor.tests.HolidayHomesTest@60975100</td></tr>
</table><p>
<table width='100%' border='1' class='invocation-skipped'>
<tr><td colspan='4' align='center'><b>SKIPPED TESTS</b></td></tr>
<tr><td><b>Test method</b></td>
<td width="30%"><b>Exception</b></td>
<td width="10%"><b>Time (seconds)</b></td>
<td><b>Instance</b></td>
</tr>
<tr>
<td title='com.tripadvisor.tests.CruisesTest.cruiseDetailsTest()'><b>cruiseDetailsTest</b><br>Test class: com.tripadvisor.tests.CruisesTest</td>
<td><div><pre>java.lang.Throwable: Method CruisesTest.cruiseDetailsTest(java.lang.String, java.lang.String)[pri:0, instance:com.tripadvisor.tests.CruisesTest@7966baa7] depends on not successfully finished methods
... Removed 23 stack frames</pre></div><a href='#' onClick='toggleBox("stack-trace1014508942", this, "Click to show all stack frames", "Click to hide stack frames")'>Click to show all stack frames</a>
<div class='stack-trace' id='stack-trace1014508942'><pre>java.lang.Throwable: Method CruisesTest.cruiseDetailsTest(java.lang.String, java.lang.String)[pri:0, instance:com.tripadvisor.tests.CruisesTest@7966baa7] depends on not successfully finished methods
	at org.testng.internal.Invoker.invokeTestMethods(Invoker.java:888)
	at org.testng.internal.TestMethodWorker.invokeTestMethods(TestMethodWorker.java:125)
	at org.testng.internal.TestMethodWorker.run(TestMethodWorker.java:109)
	at org.testng.TestRunner.privateRun(TestRunner.java:648)
	at org.testng.TestRunner.run(TestRunner.java:505)
	at org.testng.SuiteRunner.runTest(SuiteRunner.java:455)
	at org.testng.SuiteRunner.runSequentially(SuiteRunner.java:450)
	at org.testng.SuiteRunner.privateRun(SuiteRunner.java:415)
	at org.testng.SuiteRunner.run(SuiteRunner.java:364)
	at org.testng.SuiteRunnerWorker.runSuite(SuiteRunnerWorker.java:52)
	at org.testng.SuiteRunnerWorker.run(SuiteRunnerWorker.java:84)
	at org.testng.TestNG.runSuitesSequentially(TestNG.java:1208)
	at org.testng.TestNG.runSuitesLocally(TestNG.java:1137)
	at org.testng.TestNG.runSuites(TestNG.java:1049)
	at org.testng.TestNG.run(TestNG.java:1017)
	at org.apache.maven.surefire.testng.TestNGExecutor.run(TestNGExecutor.java:135)
	at org.apache.maven.surefire.testng.TestNGDirectoryTestSuite.executeMulti(TestNGDirectoryTestSuite.java:193)
	at org.apache.maven.surefire.testng.TestNGDirectoryTestSuite.execute(TestNGDirectoryTestSuite.java:94)
	at org.apache.maven.surefire.testng.TestNGProvider.invoke(TestNGProvider.java:146)
	at org.apache.maven.surefire.booter.ForkedBooter.invokeProviderInSameClassLoader(ForkedBooter.java:384)
	at org.apache.maven.surefire.booter.ForkedBooter.runSuitesInProcess(ForkedBooter.java:345)
	at org.apache.maven.surefire.booter.ForkedBooter.execute(ForkedBooter.java:126)
	at org.apache.maven.surefire.booter.ForkedBooter.main(ForkedBooter.java:418)
</pre></div></td>
<td>0</td>
<td>null</td></tr>
<tr>
<td title='com.tripadvisor.tests.CruisesTest.verifyCruiseIsSelectedTest()'><b>verifyCruiseIsSelectedTest</b><br>Test class: com.tripadvisor.tests.CruisesTest</td>
<td><div><pre>java.lang.Throwable: Method CruisesTest.verifyCruiseIsSelectedTest(java.lang.String, java.lang.String)[pri:0, instance:com.tripadvisor.tests.CruisesTest@7966baa7] depends on not successfully finished methods
... Removed 23 stack frames</pre></div><a href='#' onClick='toggleBox("stack-trace726762476", this, "Click to show all stack frames", "Click to hide stack frames")'>Click to show all stack frames</a>
<div class='stack-trace' id='stack-trace726762476'><pre>java.lang.Throwable: Method CruisesTest.verifyCruiseIsSelectedTest(java.lang.String, java.lang.String)[pri:0, instance:com.tripadvisor.tests.CruisesTest@7966baa7] depends on not successfully finished methods
	at org.testng.internal.Invoker.invokeTestMethods(Invoker.java:888)
	at org.testng.internal.TestMethodWorker.invokeTestMethods(TestMethodWorker.java:125)
	at org.testng.internal.TestMethodWorker.run(TestMethodWorker.java:109)
	at org.testng.TestRunner.privateRun(TestRunner.java:648)
	at org.testng.TestRunner.run(TestRunner.java:505)
	at org.testng.SuiteRunner.runTest(SuiteRunner.java:455)
	at org.testng.SuiteRunner.runSequentially(SuiteRunner.java:450)
	at org.testng.SuiteRunner.privateRun(SuiteRunner.java:415)
	at org.testng.SuiteRunner.run(SuiteRunner.java:364)
	at org.testng.SuiteRunnerWorker.runSuite(SuiteRunnerWorker.java:52)
	at org.testng.SuiteRunnerWorker.run(SuiteRunnerWorker.java:84)
	at org.testng.TestNG.runSuitesSequentially(TestNG.java:1208)
	at org.testng.TestNG.runSuitesLocally(TestNG.java:1137)
	at org.testng.TestNG.runSuites(TestNG.java:1049)
	at org.testng.TestNG.run(TestNG.java:1017)
	at org.apache.maven.surefire.testng.TestNGExecutor.run(TestNGExecutor.java:135)
	at org.apache.maven.surefire.testng.TestNGDirectoryTestSuite.executeMulti(TestNGDirectoryTestSuite.java:193)
	at org.apache.maven.surefire.testng.TestNGDirectoryTestSuite.execute(TestNGDirectoryTestSuite.java:94)
	at org.apache.maven.surefire.testng.TestNGProvider.invoke(TestNGProvider.java:146)
	at org.apache.maven.surefire.booter.ForkedBooter.invokeProviderInSameClassLoader(ForkedBooter.java:384)
	at org.apache.maven.surefire.booter.ForkedBooter.runSuitesInProcess(ForkedBooter.java:345)
	at org.apache.maven.surefire.booter.ForkedBooter.execute(ForkedBooter.java:126)
	at org.apache.maven.surefire.booter.ForkedBooter.main(ForkedBooter.java:418)
</pre></div></td>
<td>0</td>
<td>null</td></tr>
<tr>
<td title='com.tripadvisor.tests.CruisesTest.verifySearchNotActivatedTest()'><b>verifySearchNotActivatedTest</b><br>Test class: com.tripadvisor.tests.CruisesTest</td>
<td><div><pre>java.lang.Throwable: Method CruisesTest.verifySearchNotActivatedTest()[pri:0, instance:com.tripadvisor.tests.CruisesTest@7966baa7] depends on not successfully finished methods
... Removed 23 stack frames</pre></div><a href='#' onClick='toggleBox("stack-trace687372448", this, "Click to show all stack frames", "Click to hide stack frames")'>Click to show all stack frames</a>
<div class='stack-trace' id='stack-trace687372448'><pre>java.lang.Throwable: Method CruisesTest.verifySearchNotActivatedTest()[pri:0, instance:com.tripadvisor.tests.CruisesTest@7966baa7] depends on not successfully finished methods
	at org.testng.internal.Invoker.invokeTestMethods(Invoker.java:888)
	at org.testng.internal.TestMethodWorker.invokeTestMethods(TestMethodWorker.java:125)
	at org.testng.internal.TestMethodWorker.run(TestMethodWorker.java:109)
	at org.testng.TestRunner.privateRun(TestRunner.java:648)
	at org.testng.TestRunner.run(TestRunner.java:505)
	at org.testng.SuiteRunner.runTest(SuiteRunner.java:455)
	at org.testng.SuiteRunner.runSequentially(SuiteRunner.java:450)
	at org.testng.SuiteRunner.privateRun(SuiteRunner.java:415)
	at org.testng.SuiteRunner.run(SuiteRunner.java:364)
	at org.testng.SuiteRunnerWorker.runSuite(SuiteRunnerWorker.java:52)
	at org.testng.SuiteRunnerWorker.run(SuiteRunnerWorker.java:84)
	at org.testng.TestNG.runSuitesSequentially(TestNG.java:1208)
	at org.testng.TestNG.runSuitesLocally(TestNG.java:1137)
	at org.testng.TestNG.runSuites(TestNG.java:1049)
	at org.testng.TestNG.run(TestNG.java:1017)
	at org.apache.maven.surefire.testng.TestNGExecutor.run(TestNGExecutor.java:135)
	at org.apache.maven.surefire.testng.TestNGDirectoryTestSuite.executeMulti(TestNGDirectoryTestSuite.java:193)
	at org.apache.maven.surefire.testng.TestNGDirectoryTestSuite.execute(TestNGDirectoryTestSuite.java:94)
	at org.apache.maven.surefire.testng.TestNGProvider.invoke(TestNGProvider.java:146)
	at org.apache.maven.surefire.booter.ForkedBooter.invokeProviderInSameClassLoader(ForkedBooter.java:384)
	at org.apache.maven.surefire.booter.ForkedBooter.runSuitesInProcess(ForkedBooter.java:345)
	at org.apache.maven.surefire.booter.ForkedBooter.execute(ForkedBooter.java:126)
	at org.apache.maven.surefire.booter.ForkedBooter.main(ForkedBooter.java:418)
</pre></div></td>
<td>0</td>
<td>null</td></tr>
<tr>
<td title='com.tripadvisor.tests.CruisesTest.verifyShipDropDownNotActivatedTest()'><b>verifyShipDropDownNotActivatedTest</b><br>Test class: com.tripadvisor.tests.CruisesTest</td>
<td><div><pre>java.lang.Throwable: Method CruisesTest.verifyShipDropDownNotActivatedTest()[pri:0, instance:com.tripadvisor.tests.CruisesTest@7966baa7] depends on not successfully finished methods
... Removed 23 stack frames</pre></div><a href='#' onClick='toggleBox("stack-trace541135648", this, "Click to show all stack frames", "Click to hide stack frames")'>Click to show all stack frames</a>
<div class='stack-trace' id='stack-trace541135648'><pre>java.lang.Throwable: Method CruisesTest.verifyShipDropDownNotActivatedTest()[pri:0, instance:com.tripadvisor.tests.CruisesTest@7966baa7] depends on not successfully finished methods
	at org.testng.internal.Invoker.invokeTestMethods(Invoker.java:888)
	at org.testng.internal.TestMethodWorker.invokeTestMethods(TestMethodWorker.java:125)
	at org.testng.internal.TestMethodWorker.run(TestMethodWorker.java:109)
	at org.testng.TestRunner.privateRun(TestRunner.java:648)
	at org.testng.TestRunner.run(TestRunner.java:505)
	at org.testng.SuiteRunner.runTest(SuiteRunner.java:455)
	at org.testng.SuiteRunner.runSequentially(SuiteRunner.java:450)
	at org.testng.SuiteRunner.privateRun(SuiteRunner.java:415)
	at org.testng.SuiteRunner.run(SuiteRunner.java:364)
	at org.testng.SuiteRunnerWorker.runSuite(SuiteRunnerWorker.java:52)
	at org.testng.SuiteRunnerWorker.run(SuiteRunnerWorker.java:84)
	at org.testng.TestNG.runSuitesSequentially(TestNG.java:1208)
	at org.testng.TestNG.runSuitesLocally(TestNG.java:1137)
	at org.testng.TestNG.runSuites(TestNG.java:1049)
	at org.testng.TestNG.run(TestNG.java:1017)
	at org.apache.maven.surefire.testng.TestNGExecutor.run(TestNGExecutor.java:135)
	at org.apache.maven.surefire.testng.TestNGDirectoryTestSuite.executeMulti(TestNGDirectoryTestSuite.java:193)
	at org.apache.maven.surefire.testng.TestNGDirectoryTestSuite.execute(TestNGDirectoryTestSuite.java:94)
	at org.apache.maven.surefire.testng.TestNGProvider.invoke(TestNGProvider.java:146)
	at org.apache.maven.surefire.booter.ForkedBooter.invokeProviderInSameClassLoader(ForkedBooter.java:384)
	at org.apache.maven.surefire.booter.ForkedBooter.runSuitesInProcess(ForkedBooter.java:345)
	at org.apache.maven.surefire.booter.ForkedBooter.execute(ForkedBooter.java:126)
	at org.apache.maven.surefire.booter.ForkedBooter.main(ForkedBooter.java:418)
</pre></div></td>
<td>0</td>
<td>null</td></tr>
</table><p>
</body>
</html>