<?xml version="1.0" encoding="UTF-8"?>
<!-- Generated by org.testng.reporters.JUnitXMLReporter -->
<testsuite ignored="0" hostname="admin-PC" failures="1" tests="21" name="Surefire test" time="281.161" errors="0" timestamp="24 May 2021 09:42:18 GMT">
  <testcase classname="com.tripadvisor.tests.CruisesTest" name="verifyCruisesPageTitleTest" time="70.085">
    <failure type="java.lang.AssertionError" message="expected [Cruises - Cheap Cruise Holidays: 2020 Destinations &amp;amp; Ports - Tripadvisor] but found [Cruises - Cheap Cruise Holidays: 2021 Destinations &amp;amp; Ports - Tripadvisor]">
      <![CDATA[java.lang.AssertionError: expected [Cruises - Cheap Cruise Holidays: 2020 Destinations & Ports - Tripadvisor] but found [Cruises - Cheap Cruise Holidays: 2021 Destinations & Ports - Tripadvisor]
at com.tripadvisor.tests.CruisesTest.verifyCruisesPageTitleTest(CruisesTest.java:51)
... Removed 36 stack frames]]>
    </failure>
  </testcase> <!-- verifyCruisesPageTitleTest -->
  <testcase classname="com.tripadvisor.tests.CruisesTest" name="verifySearchNotActivatedTest" time="0.0">
    <skipped/>
  </testcase> <!-- verifySearchNotActivatedTest -->
  <testcase classname="com.tripadvisor.tests.CruisesTest" name="verifyShipDropDownNotActivatedTest" time="0.0">
    <skipped/>
  </testcase> <!-- verifyShipDropDownNotActivatedTest -->
  <testcase classname="com.tripadvisor.tests.CruisesTest" name="verifyCruiseIsSelectedTest" time="0.0">
    <skipped/>
  </testcase> <!-- verifyCruiseIsSelectedTest -->
  <testcase classname="com.tripadvisor.tests.CruisesTest" name="cruiseDetailsTest" time="0.0">
    <skipped/>
  </testcase> <!-- cruiseDetailsTest -->
  <testcase classname="com.tripadvisor.tests.HolidayHomesTest" name="invalidLocationTest" time="17.911"/>
  <testcase classname="com.tripadvisor.tests.HolidayHomesTest" name="verifySearchLocationTitleTest" time="11.437"/>
  <testcase classname="com.tripadvisor.tests.HolidayHomesTest" name="holidayHomesTest" time="60.038"/>
  <testcase classname="com.tripadvisor.tests.HolidayHomesTest" name="verifyBookNowTest" time="20.768"/>
  <testcase classname="com.tripadvisor.tests.HolidayHomesTest" name="verifyHotelCheckInTest" time="0.058"/>
  <testcase classname="com.tripadvisor.tests.HolidayHomesTest" name="verifyHotelCheckOutTest" time="0.065"/>
  <testcase classname="com.tripadvisor.tests.HolidayHomesTest" name="verifyHotelGuestsTest" time="0.067"/>
  <testcase classname="com.tripadvisor.tests.HolidayHomesTest" name="verifyHotelElevatorTest" time="1.296"/>
  <testcase classname="com.tripadvisor.tests.HolidayHomesTest" name="clearAllFiltersTest" time="1.269"/>
  <testcase classname="com.tripadvisor.tests.HolidayHomesTest" name="showPricesButtonTest" time="0.464"/>
  <testcase classname="com.tripadvisor.tests.HolidayHomesTest" name="bookNowButtonTest" time="4.142"/>
  <testcase classname="com.tripadvisor.tests.HolidayHomesTest" name="verifyCheckInSelectedTest" time="0.079"/>
  <testcase classname="com.tripadvisor.tests.HolidayHomesTest" name="verifyCheckOutSelectedTest" time="0.071"/>
  <testcase classname="com.tripadvisor.tests.HolidayHomesTest" name="verifyCheckInOutFilterTest" time="0.218"/>
  <testcase classname="com.tripadvisor.tests.HolidayHomesTest" name="verifyElevatorFilterAppliedTest" time="1.064"/>
  <testcase classname="com.tripadvisor.tests.HolidayHomesTest" name="verifyPastDateNotSelectedTest" time="3.925"/>
</testsuite> <!-- Surefire test -->
